<?xml version="1.0" encoding="UTF-8"?>
<testng-results ignored="0" total="1" passed="1" failed="0" skipped="0">
  <reporter-output>
  </reporter-output>
  <suite started-at="2023-04-21T08:54:38 IST" name="Default suite" finished-at="2023-04-21T08:55:21 IST" duration-ms="42514">
    <groups>
      <group name="regressiontest">
        <method signature="CreateOraganizationTest.createOraganizationTest()[pri:0, instance:Organization.CreateOraganizationTest@611889f4]" name="createOraganizationTest" class="Organization.CreateOraganizationTest"/>
      </group> <!-- regressiontest -->
      <group name="sanitytest">
        <method signature="CreateOraganizationTest.createOraganizationTest()[pri:0, instance:Organization.CreateOraganizationTest@611889f4]" name="createOraganizationTest" class="Organization.CreateOraganizationTest"/>
      </group> <!-- sanitytest -->
      <group name="smoketest">
        <method signature="CreateOraganizationTest.createOraganizationTest()[pri:0, instance:Organization.CreateOraganizationTest@611889f4]" name="createOraganizationTest" class="Organization.CreateOraganizationTest"/>
      </group> <!-- smoketest -->
    </groups>
    <test started-at="2023-04-21T08:54:38 IST" name="Default test" finished-at="2023-04-21T08:55:21 IST" duration-ms="42514">
      <class name="Organization.CreateOraganizationTest">
        <test-method is-config="true" signature="BS()[pri:0, instance:Organization.CreateOraganizationTest@611889f4]" started-at="2023-04-21T08:54:38 IST" name="BS" finished-at="2023-04-21T08:54:38 IST" duration-ms="13" status="PASS">
          <reporter-output>
          </reporter-output>
        </test-method> <!-- BS -->
        <test-method is-config="true" signature="BT()[pri:0, instance:Organization.CreateOraganizationTest@611889f4]" started-at="2023-04-21T08:54:38 IST" name="BT" finished-at="2023-04-21T08:54:38 IST" duration-ms="1" status="PASS">
          <reporter-output>
          </reporter-output>
        </test-method> <!-- BT -->
        <test-method is-config="true" signature="BC()[pri:0, instance:Organization.CreateOraganizationTest@611889f4]" started-at="2023-04-21T08:54:38 IST" name="BC" finished-at="2023-04-21T08:54:43 IST" duration-ms="4841" status="PASS">
          <reporter-output>
          </reporter-output>
        </test-method> <!-- BC -->
        <test-method is-config="true" signature="BM()[pri:0, instance:Organization.CreateOraganizationTest@611889f4]" started-at="2023-04-21T08:54:43 IST" name="BM" finished-at="2023-04-21T08:54:55 IST" duration-ms="11595" status="PASS">
          <reporter-output>
          </reporter-output>
        </test-method> <!-- BM -->
        <test-method signature="createOraganizationTest()[pri:0, instance:Organization.CreateOraganizationTest@611889f4]" started-at="2023-04-21T08:54:55 IST" name="createOraganizationTest" finished-at="2023-04-21T08:55:19 IST" duration-ms="24047" status="PASS">
          <reporter-output>
          </reporter-output>
        </test-method> <!-- createOraganizationTest -->
        <test-method is-config="true" signature="AM()[pri:0, instance:Organization.CreateOraganizationTest@611889f4]" started-at="2023-04-21T08:55:19 IST" name="AM" finished-at="2023-04-21T08:55:21 IST" duration-ms="1976" status="PASS">
          <reporter-output>
          </reporter-output>
        </test-method> <!-- AM -->
        <test-method is-config="true" signature="AC()[pri:0, instance:Organization.CreateOraganizationTest@611889f4]" started-at="2023-04-21T08:55:21 IST" name="AC" finished-at="2023-04-21T08:55:21 IST" duration-ms="1" status="PASS">
          <reporter-output>
          </reporter-output>
        </test-method> <!-- AC -->
        <test-method is-config="true" signature="AT()[pri:0, instance:Organization.CreateOraganizationTest@611889f4]" started-at="2023-04-21T08:55:21 IST" name="AT" finished-at="2023-04-21T08:55:21 IST" duration-ms="1" status="PASS">
          <reporter-output>
          </reporter-output>
        </test-method> <!-- AT -->
        <test-method is-config="true" signature="AS()[pri:0, instance:Organization.CreateOraganizationTest@611889f4]" started-at="2023-04-21T08:55:21 IST" name="AS" finished-at="2023-04-21T08:55:21 IST" duration-ms="1" status="PASS">
          <reporter-output>
          </reporter-output>
        </test-method> <!-- AS -->
      </class> <!-- Organization.CreateOraganizationTest -->
    </test> <!-- Default test -->
  </suite> <!-- Default suite -->
</testng-results>
